=== Ultima atualizacao 27/03/2025 21:12:15 ===


Load Average: 0.00, 0.00, 0.00


=================================

Memória Livre: 6.9Gi
Swap Livre: 2.0Gi

=================================

Os 5 processos que mais esta consumindo CPU:
    PID CMD                         %MEM %CPU
  19659 /home/marim/.vscode-server/  1.5  1.5
    584 /home/marim/.vscode-server/  1.1  0.1
  19644 /home/marim/.vscode-server/  0.5  0.0
  19643 /init                        0.0  0.0
  19629 /home/marim/.vscode-server/  0.7  0.0


Os 5 processos que mais esta consumindo Memória:
    PID CMD                         %MEM %CPU
  19659 /home/marim/.vscode-server/  1.5  1.5
    584 /home/marim/.vscode-server/  1.1  0.1
  19629 /home/marim/.vscode-server/  0.7  0.0
  19636 /home/marim/.vscode-server/  0.6  0.0
  19644 /home/marim/.vscode-server/  0.5  0.0

=================================

