=== Monitoramento em 27/03/2025 20:58:30 ===
TOP 5 Processos - Uso de CPU:
    PID    PPID CMD                         %MEM %CPU
  19659     584 /home/marim/.vscode-server/  1.5  1.5
    584     580 /home/marim/.vscode-server/  1.1  0.1
  19644   19643 /home/marim/.vscode-server/  0.5  0.0
  19643   19642 /init                        0.0  0.0
  19629   19628 /home/marim/.vscode-server/  0.7  0.0


TOP 5 Processos - Uso de Memória:
    PID    PPID CMD                         %MEM %CPU
  19659     584 /home/marim/.vscode-server/  1.5  1.5
    584     580 /home/marim/.vscode-server/  1.1  0.1
  19629   19628 /home/marim/.vscode-server/  0.7  0.0
  19636     584 /home/marim/.vscode-server/  0.6  0.0
  19644   19643 /home/marim/.vscode-server/  0.5  0.0

=================================

=== Ultima atualizacao 27/03/2025 21:01:10 ===
Os 5 processos que mais esta consumindo CPU:
    PID CMD                         %MEM %CPU
  19659 /home/marim/.vscode-server/  1.5  1.5
    584 /home/marim/.vscode-server/  1.1  0.1
  19644 /home/marim/.vscode-server/  0.5  0.0
  19643 /init                        0.0  0.0
  19629 /home/marim/.vscode-server/  0.7  0.0


Os 5 processos que mais esta consumindo Memória:
    PID CMD                         %MEM %CPU
  19659 /home/marim/.vscode-server/  1.5  1.5
    584 /home/marim/.vscode-server/  1.1  0.1
  19629 /home/marim/.vscode-server/  0.7  0.0
  19636 /home/marim/.vscode-server/  0.6  0.0
  19644 /home/marim/.vscode-server/  0.5  0.0

=================================

=== Ultima atualizacao 27/03/2025 21:03:59 ===
Load Average: 0.00, 0.00, 0.00

Os 5 processos que mais esta consumindo CPU:
    PID CMD                         %MEM %CPU
  19659 /home/marim/.vscode-server/  1.5  1.5
    584 /home/marim/.vscode-server/  1.1  0.1
  19644 /home/marim/.vscode-server/  0.5  0.0
  19643 /init                        0.0  0.0
  19629 /home/marim/.vscode-server/  0.7  0.0


Os 5 processos que mais esta consumindo Memória:
    PID CMD                         %MEM %CPU
  19659 /home/marim/.vscode-server/  1.5  1.5
    584 /home/marim/.vscode-server/  1.1  0.1
  19629 /home/marim/.vscode-server/  0.7  0.0
  19636 /home/marim/.vscode-server/  0.6  0.0
  19644 /home/marim/.vscode-server/  0.5  0.0

=================================

=== Ultima atualizacao 27/03/2025 21:04:45 ===
Load Average: 0.12, 0.03, 0.01

Memória Livre: 6.9Gi
Swap Livre: 2.0Gi
Os 5 processos que mais esta consumindo CPU:
    PID CMD                         %MEM %CPU
  19659 /home/marim/.vscode-server/  1.5  1.5
    584 /home/marim/.vscode-server/  1.1  0.1
  19644 /home/marim/.vscode-server/  0.6  0.0
  19643 /init                        0.0  0.0
  19629 /home/marim/.vscode-server/  0.7  0.0


Os 5 processos que mais esta consumindo Memória:
    PID CMD                         %MEM %CPU
  19659 /home/marim/.vscode-server/  1.5  1.5
    584 /home/marim/.vscode-server/  1.1  0.1
  19629 /home/marim/.vscode-server/  0.7  0.0
  19636 /home/marim/.vscode-server/  0.6  0.0
  19644 /home/marim/.vscode-server/  0.6  0.0

=================================

=== Ultima atualizacao 27/03/2025 21:05:47 ===

=================================

Load Average: 0.04, 0.02, 0.00

Memória Livre: 6.9Gi
Swap Livre: 2.0Gi
Os 5 processos que mais esta consumindo CPU:
    PID CMD                         %MEM %CPU
  19659 /home/marim/.vscode-server/  1.5  1.5
    584 /home/marim/.vscode-server/  1.1  0.1
  19644 /home/marim/.vscode-server/  0.5  0.0
  19643 /init                        0.0  0.0
  19629 /home/marim/.vscode-server/  0.7  0.0


Os 5 processos que mais esta consumindo Memória:
    PID CMD                         %MEM %CPU
  19659 /home/marim/.vscode-server/  1.5  1.5
    584 /home/marim/.vscode-server/  1.1  0.1
  19629 /home/marim/.vscode-server/  0.7  0.0
  19636 /home/marim/.vscode-server/  0.6  0.0
  19644 /home/marim/.vscode-server/  0.5  0.0

=================================

=== Ultima atualizacao 27/03/2025 21:06:25 ===
Load Average: 0.08, 0.04, 0.01


=================================

Memória Livre: 6.9Gi
Swap Livre: 2.0Gi

=================================

Os 5 processos que mais esta consumindo CPU:
    PID CMD                         %MEM %CPU
  19659 /home/marim/.vscode-server/  1.5  1.5
    584 /home/marim/.vscode-server/  1.1  0.1
  19644 /home/marim/.vscode-server/  0.5  0.0
  19643 /init                        0.0  0.0
  19629 /home/marim/.vscode-server/  0.7  0.0


Os 5 processos que mais esta consumindo Memória:
    PID CMD                         %MEM %CPU
  19659 /home/marim/.vscode-server/  1.5  1.5
    584 /home/marim/.vscode-server/  1.1  0.1
  19629 /home/marim/.vscode-server/  0.7  0.0
  19636 /home/marim/.vscode-server/  0.6  0.0
  19644 /home/marim/.vscode-server/  0.5  0.0

=================================

=== Ultima atualizacao 27/03/2025 21:06:54 ===


Load Average: 0.05, 0.03, 0.00


=================================

Memória Livre: 6.9Gi
Swap Livre: 2.0Gi

=================================

Os 5 processos que mais esta consumindo CPU:
    PID CMD                         %MEM %CPU
  19659 /home/marim/.vscode-server/  1.5  1.5
    584 /home/marim/.vscode-server/  1.1  0.1
  19644 /home/marim/.vscode-server/  0.5  0.0
  19643 /init                        0.0  0.0
  19629 /home/marim/.vscode-server/  0.7  0.0


Os 5 processos que mais esta consumindo Memória:
    PID CMD                         %MEM %CPU
  19659 /home/marim/.vscode-server/  1.5  1.5
    584 /home/marim/.vscode-server/  1.1  0.1
  19629 /home/marim/.vscode-server/  0.7  0.0
  19636 /home/marim/.vscode-server/  0.6  0.0
  19644 /home/marim/.vscode-server/  0.5  0.0

=================================

